******************************************
2018-03-23 14:16:57
******************************************
******************************************
2018-03-23 14:20:46
******************************************
******************************************
2018-03-23 14:22:22
******************************************
******************************************
2018-03-23 14:23:19
******************************************
익郞:
[compile]E:\cworkspace\mygit\global-boot\global-boot-configuration-processor\target\global-boot-configuration-processor-1.2-SNAPSHOT.jar
[compile]C:\Users\Administrator.WIN-8G4JI8339CN\.m2\repository\org\springframework\boot\spring-boot-configuration-processor\1.3.5.RELEASE\spring-boot-configuration-processor-1.3.5.RELEASE.jar
郞嫁org/springframework/boot/configurationprocessor/metadata/ItemMetadata$ItemType.class
******************************************
2018-03-23 14:29:12
******************************************
익郞:
[compile]E:\cworkspace\mygit\global-boot\global-boot-configuration-processor\target\global-boot-configuration-processor-1.2-SNAPSHOT.jar
[compile]C:\Users\Administrator.WIN-8G4JI8339CN\.m2\repository\org\springframework\boot\spring-boot-configuration-processor\1.3.5.RELEASE\spring-boot-configuration-processor-1.3.5.RELEASE.jar
郞嫁org/springframework/boot/configurationprocessor/metadata/ItemMetadata$ItemType.class
******************************************
2018-03-23 15:38:33
******************************************
******************************************
2018-03-23 15:41:07
******************************************
******************************************
2018-03-23 15:42:29
******************************************
******************************************
2018-03-23 15:43:22
******************************************
익郞:
[compile]E:\cworkspace\mygit\global-boot\global-boot-configuration-processor\target\global-boot-configuration-processor-1.2-SNAPSHOT.jar
[compile]C:\Users\Administrator.WIN-8G4JI8339CN\.m2\repository\org\springframework\boot\spring-boot-configuration-processor\1.3.5.RELEASE\spring-boot-configuration-processor-1.3.5.RELEASE.jar
郞嫁org/springframework/boot/configurationprocessor/metadata/ItemMetadata$ItemType.class
******************************************
2018-03-23 15:51:54
******************************************
익郞:
[compile]E:\cworkspace\mygit\global-boot\global-boot-configuration-processor\target\global-boot-configuration-processor-1.2-SNAPSHOT.jar
[compile]C:\Users\Administrator.WIN-8G4JI8339CN\.m2\repository\org\springframework\boot\spring-boot-configuration-processor\1.3.5.RELEASE\spring-boot-configuration-processor-1.3.5.RELEASE.jar
郞嫁org/springframework/boot/configurationprocessor/metadata/ItemMetadata$ItemType.class
******************************************
2018-03-23 15:53:24
******************************************
익郞:
[compile]E:\cworkspace\mygit\global-boot\global-boot-configuration-processor\target\global-boot-configuration-processor-1.2-SNAPSHOT.jar
[compile]C:\Users\Administrator.WIN-8G4JI8339CN\.m2\repository\org\springframework\boot\spring-boot-configuration-processor\1.3.5.RELEASE\spring-boot-configuration-processor-1.3.5.RELEASE.jar
郞嫁org/springframework/boot/configurationprocessor/metadata/ItemMetadata$ItemType.class
******************************************
2018-03-23 15:55:44
******************************************
익郞:
[compile]E:\cworkspace\mygit\global-boot\global-boot-configuration-processor\target\global-boot-configuration-processor-1.2-SNAPSHOT.jar
[compile]C:\Users\Administrator.WIN-8G4JI8339CN\.m2\repository\org\springframework\boot\spring-boot-configuration-processor\1.3.5.RELEASE\spring-boot-configuration-processor-1.3.5.RELEASE.jar
郞嫁org/springframework/boot/configurationprocessor/metadata/ItemMetadata$ItemType.class
******************************************
2018-03-23 15:57:41
******************************************
익郞:
[compile]E:\cworkspace\mygit\global-boot\global-boot-configuration-processor\target\global-boot-configuration-processor-1.2-SNAPSHOT.jar
[compile]C:\Users\Administrator.WIN-8G4JI8339CN\.m2\repository\org\springframework\boot\spring-boot-configuration-processor\1.3.5.RELEASE\spring-boot-configuration-processor-1.3.5.RELEASE.jar
郞嫁org/springframework/boot/configurationprocessor/metadata/ItemMetadata$ItemType.class
******************************************
2018-03-23 15:59:19
******************************************
익郞:
[compile]E:\cworkspace\mygit\global-boot\global-boot-configuration-processor\target\global-boot-configuration-processor-1.2-SNAPSHOT.jar
[compile]C:\Users\Administrator.WIN-8G4JI8339CN\.m2\repository\org\springframework\boot\spring-boot-configuration-processor\1.3.5.RELEASE\spring-boot-configuration-processor-1.3.5.RELEASE.jar
郞嫁org/springframework/boot/configurationprocessor/metadata/ItemMetadata$ItemType.class
익郞:
[compile]C:\Users\Administrator.WIN-8G4JI8339CN\.m2\repository\org\springframework\spring-core\4.0.4.RELEASE\spring-core-4.0.4.RELEASE.jar
[compile]C:\Users\Administrator.WIN-8G4JI8339CN\.m2\repository\org\springframework\spring-core\4.2.6.RELEASE\spring-core-4.2.6.RELEASE.jar
郞嫁org/springframework/asm/Item.class
익郞:
[compile]C:\Users\Administrator.WIN-8G4JI8339CN\.m2\repository\commons-logging\commons-logging\1.1.3\commons-logging-1.1.3.jar
[compile]C:\Users\Administrator.WIN-8G4JI8339CN\.m2\repository\commons-logging\commons-logging\1.2\commons-logging-1.2.jar
郞嫁org/apache/commons/logging/impl/AvalonLogger.class
******************************************
2018-03-23 16:04:42
******************************************
익郞:
[compile]E:\cworkspace\mygit\global-boot\global-boot-configuration-processor\target\global-boot-configuration-processor-1.2-SNAPSHOT.jar
[compile]C:\Users\Administrator.WIN-8G4JI8339CN\.m2\repository\org\springframework\boot\spring-boot-configuration-processor\1.3.5.RELEASE\spring-boot-configuration-processor-1.3.5.RELEASE.jar
郞嫁org/springframework/boot/configurationprocessor/metadata/ItemMetadata$ItemType.class
익郞:
[compile]C:\Users\Administrator.WIN-8G4JI8339CN\.m2\repository\org\springframework\spring-core\4.0.4.RELEASE\spring-core-4.0.4.RELEASE.jar
[compile]C:\Users\Administrator.WIN-8G4JI8339CN\.m2\repository\org\springframework\spring-core\4.2.6.RELEASE\spring-core-4.2.6.RELEASE.jar
郞嫁org/springframework/asm/Item.class
익郞:
[compile]C:\Users\Administrator.WIN-8G4JI8339CN\.m2\repository\commons-logging\commons-logging\1.1.3\commons-logging-1.1.3.jar
[compile]C:\Users\Administrator.WIN-8G4JI8339CN\.m2\repository\commons-logging\commons-logging\1.2\commons-logging-1.2.jar
郞嫁org/apache/commons/logging/impl/AvalonLogger.class
익郞:
[compile]C:\Users\Administrator.WIN-8G4JI8339CN\.m2\repository\org\springframework\spring-web\4.2.2.RELEASE\spring-web-4.2.2.RELEASE.jar
[provided]C:\Users\Administrator.WIN-8G4JI8339CN\.m2\repository\org\springframework\spring-web\4.2.6.RELEASE\spring-web-4.2.6.RELEASE.jar
郞嫁org/springframework/http/HttpStatus$Series.class
******************************************
2018-03-23 16:07:40
******************************************
익郞:
[compile]E:\cworkspace\mygit\global-boot\global-boot-configuration-processor\target\global-boot-configuration-processor-1.2-SNAPSHOT.jar
[compile]C:\Users\Administrator.WIN-8G4JI8339CN\.m2\repository\org\springframework\boot\spring-boot-configuration-processor\1.3.5.RELEASE\spring-boot-configuration-processor-1.3.5.RELEASE.jar
郞嫁org/springframework/boot/configurationprocessor/metadata/ItemMetadata$ItemType.class
익郞:
[compile]C:\Users\Administrator.WIN-8G4JI8339CN\.m2\repository\org\springframework\spring-core\4.0.4.RELEASE\spring-core-4.0.4.RELEASE.jar
[compile]C:\Users\Administrator.WIN-8G4JI8339CN\.m2\repository\org\springframework\spring-core\4.2.6.RELEASE\spring-core-4.2.6.RELEASE.jar
郞嫁org/springframework/asm/Item.class
익郞:
[compile]C:\Users\Administrator.WIN-8G4JI8339CN\.m2\repository\commons-logging\commons-logging\1.1.3\commons-logging-1.1.3.jar
[compile]C:\Users\Administrator.WIN-8G4JI8339CN\.m2\repository\commons-logging\commons-logging\1.2\commons-logging-1.2.jar
郞嫁org/apache/commons/logging/impl/AvalonLogger.class
익郞:
[compile]C:\Users\Administrator.WIN-8G4JI8339CN\.m2\repository\org\springframework\spring-web\4.2.2.RELEASE\spring-web-4.2.2.RELEASE.jar
[provided]C:\Users\Administrator.WIN-8G4JI8339CN\.m2\repository\org\springframework\spring-web\4.2.6.RELEASE\spring-web-4.2.6.RELEASE.jar
郞嫁org/springframework/http/HttpStatus$Series.class
******************************************
2018-03-23 16:20:45
******************************************
익郞:
[compile]E:\cworkspace\mygit\global-boot\global-boot-configuration-processor\target\global-boot-configuration-processor-1.2-SNAPSHOT.jar
[compile]C:\Users\Administrator.WIN-8G4JI8339CN\.m2\repository\org\springframework\boot\spring-boot-configuration-processor\1.3.5.RELEASE\spring-boot-configuration-processor-1.3.5.RELEASE.jar
郞嫁org/springframework/boot/configurationprocessor/metadata/ItemMetadata$ItemType.class
익郞:
[compile]C:\Users\Administrator.WIN-8G4JI8339CN\.m2\repository\org\springframework\spring-core\4.0.4.RELEASE\spring-core-4.0.4.RELEASE.jar
[compile]C:\Users\Administrator.WIN-8G4JI8339CN\.m2\repository\org\springframework\spring-core\4.2.6.RELEASE\spring-core-4.2.6.RELEASE.jar
郞嫁org/springframework/asm/Item.class
익郞:
[compile]C:\Users\Administrator.WIN-8G4JI8339CN\.m2\repository\commons-logging\commons-logging\1.1.3\commons-logging-1.1.3.jar
[compile]C:\Users\Administrator.WIN-8G4JI8339CN\.m2\repository\commons-logging\commons-logging\1.2\commons-logging-1.2.jar
郞嫁org/apache/commons/logging/impl/AvalonLogger.class
익郞:
[compile]C:\Users\Administrator.WIN-8G4JI8339CN\.m2\repository\org\springframework\spring-web\4.2.2.RELEASE\spring-web-4.2.2.RELEASE.jar
[provided]C:\Users\Administrator.WIN-8G4JI8339CN\.m2\repository\org\springframework\spring-web\4.2.6.RELEASE\spring-web-4.2.6.RELEASE.jar
郞嫁org/springframework/http/HttpStatus$Series.class
******************************************
2018-03-23 17:02:28
******************************************
익郞:
[compile]E:\cworkspace\mygit\global-boot\global-boot-configuration-processor\target\global-boot-configuration-processor-1.2-SNAPSHOT.jar
[compile]C:\Users\Administrator.WIN-8G4JI8339CN\.m2\repository\org\springframework\boot\spring-boot-configuration-processor\1.3.5.RELEASE\spring-boot-configuration-processor-1.3.5.RELEASE.jar
郞嫁org/springframework/boot/configurationprocessor/metadata/ItemMetadata$ItemType.class
익郞:
[compile]C:\Users\Administrator.WIN-8G4JI8339CN\.m2\repository\org\springframework\spring-core\4.0.4.RELEASE\spring-core-4.0.4.RELEASE.jar
[compile]C:\Users\Administrator.WIN-8G4JI8339CN\.m2\repository\org\springframework\spring-core\4.2.6.RELEASE\spring-core-4.2.6.RELEASE.jar
郞嫁org/springframework/asm/Item.class
익郞:
[compile]C:\Users\Administrator.WIN-8G4JI8339CN\.m2\repository\commons-logging\commons-logging\1.1.3\commons-logging-1.1.3.jar
[compile]C:\Users\Administrator.WIN-8G4JI8339CN\.m2\repository\commons-logging\commons-logging\1.2\commons-logging-1.2.jar
郞嫁org/apache/commons/logging/impl/AvalonLogger.class
익郞:
[compile]C:\Users\Administrator.WIN-8G4JI8339CN\.m2\repository\org\springframework\spring-web\4.2.2.RELEASE\spring-web-4.2.2.RELEASE.jar
[provided]C:\Users\Administrator.WIN-8G4JI8339CN\.m2\repository\org\springframework\spring-web\4.2.6.RELEASE\spring-web-4.2.6.RELEASE.jar
郞嫁org/springframework/http/HttpStatus$Series.class
******************************************
2018-03-23 17:06:08
******************************************
익郞:
[compile]E:\cworkspace\mygit\global-boot\global-boot-configuration-processor\target\global-boot-configuration-processor-1.2-SNAPSHOT.jar
[compile]C:\Users\Administrator.WIN-8G4JI8339CN\.m2\repository\org\springframework\boot\spring-boot-configuration-processor\1.3.5.RELEASE\spring-boot-configuration-processor-1.3.5.RELEASE.jar
郞嫁org/springframework/boot/configurationprocessor/metadata/ItemMetadata$ItemType.class
익郞:
[compile]C:\Users\Administrator.WIN-8G4JI8339CN\.m2\repository\org\springframework\spring-core\4.0.4.RELEASE\spring-core-4.0.4.RELEASE.jar
[compile]C:\Users\Administrator.WIN-8G4JI8339CN\.m2\repository\org\springframework\spring-core\4.2.6.RELEASE\spring-core-4.2.6.RELEASE.jar
郞嫁org/springframework/asm/Item.class
익郞:
[compile]C:\Users\Administrator.WIN-8G4JI8339CN\.m2\repository\commons-logging\commons-logging\1.1.3\commons-logging-1.1.3.jar
[compile]C:\Users\Administrator.WIN-8G4JI8339CN\.m2\repository\commons-logging\commons-logging\1.2\commons-logging-1.2.jar
郞嫁org/apache/commons/logging/impl/AvalonLogger.class
익郞:
[compile]C:\Users\Administrator.WIN-8G4JI8339CN\.m2\repository\org\springframework\spring-web\4.2.2.RELEASE\spring-web-4.2.2.RELEASE.jar
[provided]C:\Users\Administrator.WIN-8G4JI8339CN\.m2\repository\org\springframework\spring-web\4.2.6.RELEASE\spring-web-4.2.6.RELEASE.jar
郞嫁org/springframework/http/HttpStatus$Series.class
******************************************
2018-03-23 17:21:28
******************************************
익郞:
[compile]E:\cworkspace\mygit\global-boot\global-boot-configuration-processor\target\global-boot-configuration-processor-1.2-SNAPSHOT.jar
[compile]C:\Users\Administrator.WIN-8G4JI8339CN\.m2\repository\org\springframework\boot\spring-boot-configuration-processor\1.3.5.RELEASE\spring-boot-configuration-processor-1.3.5.RELEASE.jar
郞嫁org/springframework/boot/configurationprocessor/metadata/ItemMetadata$ItemType.class
익郞:
[compile]C:\Users\Administrator.WIN-8G4JI8339CN\.m2\repository\org\springframework\spring-core\4.0.4.RELEASE\spring-core-4.0.4.RELEASE.jar
[compile]C:\Users\Administrator.WIN-8G4JI8339CN\.m2\repository\org\springframework\spring-core\4.2.6.RELEASE\spring-core-4.2.6.RELEASE.jar
郞嫁org/springframework/asm/Item.class
익郞:
[compile]C:\Users\Administrator.WIN-8G4JI8339CN\.m2\repository\commons-logging\commons-logging\1.1.3\commons-logging-1.1.3.jar
[compile]C:\Users\Administrator.WIN-8G4JI8339CN\.m2\repository\commons-logging\commons-logging\1.2\commons-logging-1.2.jar
郞嫁org/apache/commons/logging/impl/AvalonLogger.class
익郞:
[compile]C:\Users\Administrator.WIN-8G4JI8339CN\.m2\repository\org\springframework\spring-web\4.2.2.RELEASE\spring-web-4.2.2.RELEASE.jar
[provided]C:\Users\Administrator.WIN-8G4JI8339CN\.m2\repository\org\springframework\spring-web\4.2.6.RELEASE\spring-web-4.2.6.RELEASE.jar
郞嫁org/springframework/http/HttpStatus$Series.class
******************************************
2018-03-23 17:28:49
******************************************
익郞:
[compile]E:\cworkspace\mygit\global-boot\global-boot-configuration-processor\target\global-boot-configuration-processor-1.2-SNAPSHOT.jar
[compile]C:\Users\Administrator.WIN-8G4JI8339CN\.m2\repository\org\springframework\boot\spring-boot-configuration-processor\1.3.5.RELEASE\spring-boot-configuration-processor-1.3.5.RELEASE.jar
郞嫁org/springframework/boot/configurationprocessor/metadata/ItemMetadata$ItemType.class
익郞:
[compile]C:\Users\Administrator.WIN-8G4JI8339CN\.m2\repository\org\springframework\spring-core\4.0.4.RELEASE\spring-core-4.0.4.RELEASE.jar
[compile]C:\Users\Administrator.WIN-8G4JI8339CN\.m2\repository\org\springframework\spring-core\4.2.6.RELEASE\spring-core-4.2.6.RELEASE.jar
郞嫁org/springframework/asm/Item.class
익郞:
[compile]C:\Users\Administrator.WIN-8G4JI8339CN\.m2\repository\commons-logging\commons-logging\1.1.3\commons-logging-1.1.3.jar
[compile]C:\Users\Administrator.WIN-8G4JI8339CN\.m2\repository\commons-logging\commons-logging\1.2\commons-logging-1.2.jar
郞嫁org/apache/commons/logging/impl/AvalonLogger.class
익郞:
[compile]C:\Users\Administrator.WIN-8G4JI8339CN\.m2\repository\org\springframework\spring-web\4.2.2.RELEASE\spring-web-4.2.2.RELEASE.jar
[provided]C:\Users\Administrator.WIN-8G4JI8339CN\.m2\repository\org\springframework\spring-web\4.2.6.RELEASE\spring-web-4.2.6.RELEASE.jar
郞嫁org/springframework/http/HttpStatus$Series.class
******************************************
2018-03-23 17:31:28
******************************************
익郞:
[compile]E:\cworkspace\mygit\global-boot\global-boot-configuration-processor\target\global-boot-configuration-processor-1.2-SNAPSHOT.jar
[compile]C:\Users\Administrator.WIN-8G4JI8339CN\.m2\repository\org\springframework\boot\spring-boot-configuration-processor\1.3.5.RELEASE\spring-boot-configuration-processor-1.3.5.RELEASE.jar
郞嫁org/springframework/boot/configurationprocessor/metadata/ItemMetadata$ItemType.class
익郞:
[compile]C:\Users\Administrator.WIN-8G4JI8339CN\.m2\repository\org\springframework\spring-core\4.0.4.RELEASE\spring-core-4.0.4.RELEASE.jar
[compile]C:\Users\Administrator.WIN-8G4JI8339CN\.m2\repository\org\springframework\spring-core\4.2.6.RELEASE\spring-core-4.2.6.RELEASE.jar
郞嫁org/springframework/asm/Item.class
익郞:
[compile]C:\Users\Administrator.WIN-8G4JI8339CN\.m2\repository\commons-logging\commons-logging\1.1.3\commons-logging-1.1.3.jar
[compile]C:\Users\Administrator.WIN-8G4JI8339CN\.m2\repository\commons-logging\commons-logging\1.2\commons-logging-1.2.jar
郞嫁org/apache/commons/logging/impl/AvalonLogger.class
익郞:
[compile]C:\Users\Administrator.WIN-8G4JI8339CN\.m2\repository\org\springframework\spring-web\4.2.2.RELEASE\spring-web-4.2.2.RELEASE.jar
[provided]C:\Users\Administrator.WIN-8G4JI8339CN\.m2\repository\org\springframework\spring-web\4.2.6.RELEASE\spring-web-4.2.6.RELEASE.jar
郞嫁org/springframework/http/HttpStatus$Series.class
******************************************
2018-03-23 17:35:06
******************************************
익郞:
[compile]E:\cworkspace\mygit\global-boot\global-boot-configuration-processor\target\global-boot-configuration-processor-1.2-SNAPSHOT.jar
[compile]C:\Users\Administrator.WIN-8G4JI8339CN\.m2\repository\org\springframework\boot\spring-boot-configuration-processor\1.3.5.RELEASE\spring-boot-configuration-processor-1.3.5.RELEASE.jar
郞嫁org/springframework/boot/configurationprocessor/metadata/ItemMetadata$ItemType.class
익郞:
[compile]C:\Users\Administrator.WIN-8G4JI8339CN\.m2\repository\org\springframework\spring-core\4.0.4.RELEASE\spring-core-4.0.4.RELEASE.jar
[compile]C:\Users\Administrator.WIN-8G4JI8339CN\.m2\repository\org\springframework\spring-core\4.2.6.RELEASE\spring-core-4.2.6.RELEASE.jar
郞嫁org/springframework/asm/Item.class
익郞:
[compile]C:\Users\Administrator.WIN-8G4JI8339CN\.m2\repository\commons-logging\commons-logging\1.1.3\commons-logging-1.1.3.jar
[compile]C:\Users\Administrator.WIN-8G4JI8339CN\.m2\repository\commons-logging\commons-logging\1.2\commons-logging-1.2.jar
郞嫁org/apache/commons/logging/impl/AvalonLogger.class
익郞:
[compile]C:\Users\Administrator.WIN-8G4JI8339CN\.m2\repository\org\springframework\spring-web\4.2.2.RELEASE\spring-web-4.2.2.RELEASE.jar
[provided]C:\Users\Administrator.WIN-8G4JI8339CN\.m2\repository\org\springframework\spring-web\4.2.6.RELEASE\spring-web-4.2.6.RELEASE.jar
郞嫁org/springframework/http/HttpStatus$Series.class
익郞:
[compile]C:\Users\Administrator.WIN-8G4JI8339CN\.m2\repository\org\springframework\spring-tx\4.0.7.RELEASE\spring-tx-4.0.7.RELEASE.jar
[compile]C:\Users\Administrator.WIN-8G4JI8339CN\.m2\repository\org\springframework\spring-tx\4.2.2.RELEASE\spring-tx-4.2.2.RELEASE.jar
郞嫁org/springframework/jca/work/WorkManagerTaskExecutor.class
익郞:
[compile]C:\Users\Administrator.WIN-8G4JI8339CN\.m2\repository\org\springframework\spring-beans\4.0.7.RELEASE\spring-beans-4.0.7.RELEASE.jar
[compile]C:\Users\Administrator.WIN-8G4JI8339CN\.m2\repository\org\springframework\spring-beans\4.2.6.RELEASE\spring-beans-4.2.6.RELEASE.jar
郞嫁org/springframework/beans/SimpleTypeConverter.class
익郞:
[compile]C:\Users\Administrator.WIN-8G4JI8339CN\.m2\repository\org\springframework\spring-aop\4.0.7.RELEASE\spring-aop-4.0.7.RELEASE.jar
[compile]C:\Users\Administrator.WIN-8G4JI8339CN\.m2\repository\org\springframework\spring-aop\4.2.6.RELEASE\spring-aop-4.2.6.RELEASE.jar
郞嫁org/springframework/aop/ThrowsAdvice.class
익郞:
[compile]C:\Users\Administrator.WIN-8G4JI8339CN\.m2\repository\org\springframework\spring-context\4.0.7.RELEASE\spring-context-4.0.7.RELEASE.jar
[compile]C:\Users\Administrator.WIN-8G4JI8339CN\.m2\repository\org\springframework\spring-context\4.2.6.RELEASE\spring-context-4.2.6.RELEASE.jar
郞嫁org/springframework/cache/Cache.class
익郞:
[compile]C:\Users\Administrator.WIN-8G4JI8339CN\.m2\repository\org\springframework\spring-expression\4.0.7.RELEASE\spring-expression-4.0.7.RELEASE.jar
[compile]C:\Users\Administrator.WIN-8G4JI8339CN\.m2\repository\org\springframework\spring-expression\4.2.6.RELEASE\spring-expression-4.2.6.RELEASE.jar
郞嫁org/springframework/expression/ParserContext.class
******************************************
2018-03-23 17:42:07
******************************************
익郞:
[compile]E:\cworkspace\mygit\global-boot\global-boot-configuration-processor\target\global-boot-configuration-processor-1.2-SNAPSHOT.jar
[compile]C:\Users\Administrator.WIN-8G4JI8339CN\.m2\repository\org\springframework\boot\spring-boot-configuration-processor\1.3.5.RELEASE\spring-boot-configuration-processor-1.3.5.RELEASE.jar
郞嫁org/springframework/boot/configurationprocessor/metadata/ItemMetadata$ItemType.class
익郞:
[compile]C:\Users\Administrator.WIN-8G4JI8339CN\.m2\repository\org\springframework\spring-core\4.0.4.RELEASE\spring-core-4.0.4.RELEASE.jar
[compile]C:\Users\Administrator.WIN-8G4JI8339CN\.m2\repository\org\springframework\spring-core\4.2.6.RELEASE\spring-core-4.2.6.RELEASE.jar
郞嫁org/springframework/asm/Item.class
익郞:
[compile]C:\Users\Administrator.WIN-8G4JI8339CN\.m2\repository\commons-logging\commons-logging\1.1.3\commons-logging-1.1.3.jar
[compile]C:\Users\Administrator.WIN-8G4JI8339CN\.m2\repository\commons-logging\commons-logging\1.2\commons-logging-1.2.jar
郞嫁org/apache/commons/logging/impl/AvalonLogger.class
익郞:
[compile]C:\Users\Administrator.WIN-8G4JI8339CN\.m2\repository\org\springframework\spring-web\4.2.2.RELEASE\spring-web-4.2.2.RELEASE.jar
[provided]C:\Users\Administrator.WIN-8G4JI8339CN\.m2\repository\org\springframework\spring-web\4.2.6.RELEASE\spring-web-4.2.6.RELEASE.jar
郞嫁org/springframework/http/HttpStatus$Series.class
익郞:
[compile]C:\Users\Administrator.WIN-8G4JI8339CN\.m2\repository\org\springframework\spring-tx\4.0.7.RELEASE\spring-tx-4.0.7.RELEASE.jar
[compile]C:\Users\Administrator.WIN-8G4JI8339CN\.m2\repository\org\springframework\spring-tx\4.2.2.RELEASE\spring-tx-4.2.2.RELEASE.jar
郞嫁org/springframework/jca/work/WorkManagerTaskExecutor.class
익郞:
[compile]C:\Users\Administrator.WIN-8G4JI8339CN\.m2\repository\org\springframework\spring-beans\4.0.7.RELEASE\spring-beans-4.0.7.RELEASE.jar
[compile]C:\Users\Administrator.WIN-8G4JI8339CN\.m2\repository\org\springframework\spring-beans\4.2.6.RELEASE\spring-beans-4.2.6.RELEASE.jar
郞嫁org/springframework/beans/SimpleTypeConverter.class
익郞:
[compile]C:\Users\Administrator.WIN-8G4JI8339CN\.m2\repository\org\springframework\spring-aop\4.0.7.RELEASE\spring-aop-4.0.7.RELEASE.jar
[compile]C:\Users\Administrator.WIN-8G4JI8339CN\.m2\repository\org\springframework\spring-aop\4.2.6.RELEASE\spring-aop-4.2.6.RELEASE.jar
郞嫁org/springframework/aop/ThrowsAdvice.class
익郞:
[compile]C:\Users\Administrator.WIN-8G4JI8339CN\.m2\repository\org\springframework\spring-context\4.0.7.RELEASE\spring-context-4.0.7.RELEASE.jar
[compile]C:\Users\Administrator.WIN-8G4JI8339CN\.m2\repository\org\springframework\spring-context\4.2.6.RELEASE\spring-context-4.2.6.RELEASE.jar
郞嫁org/springframework/cache/Cache.class
익郞:
[compile]C:\Users\Administrator.WIN-8G4JI8339CN\.m2\repository\org\springframework\spring-expression\4.0.7.RELEASE\spring-expression-4.0.7.RELEASE.jar
[compile]C:\Users\Administrator.WIN-8G4JI8339CN\.m2\repository\org\springframework\spring-expression\4.2.6.RELEASE\spring-expression-4.2.6.RELEASE.jar
郞嫁org/springframework/expression/ParserContext.class
******************************************
2018-03-23 17:44:30
******************************************
익郞:
[compile]E:\cworkspace\mygit\global-boot\global-boot-configuration-processor\target\global-boot-configuration-processor-1.2-SNAPSHOT.jar
[compile]C:\Users\Administrator.WIN-8G4JI8339CN\.m2\repository\org\springframework\boot\spring-boot-configuration-processor\1.3.5.RELEASE\spring-boot-configuration-processor-1.3.5.RELEASE.jar
郞嫁org/springframework/boot/configurationprocessor/metadata/ItemMetadata$ItemType.class
익郞:
[compile]C:\Users\Administrator.WIN-8G4JI8339CN\.m2\repository\org\springframework\spring-core\4.0.4.RELEASE\spring-core-4.0.4.RELEASE.jar
[compile]C:\Users\Administrator.WIN-8G4JI8339CN\.m2\repository\org\springframework\spring-core\4.2.6.RELEASE\spring-core-4.2.6.RELEASE.jar
郞嫁org/springframework/asm/Item.class
익郞:
[compile]C:\Users\Administrator.WIN-8G4JI8339CN\.m2\repository\commons-logging\commons-logging\1.1.3\commons-logging-1.1.3.jar
[compile]C:\Users\Administrator.WIN-8G4JI8339CN\.m2\repository\commons-logging\commons-logging\1.2\commons-logging-1.2.jar
郞嫁org/apache/commons/logging/impl/AvalonLogger.class
익郞:
[compile]C:\Users\Administrator.WIN-8G4JI8339CN\.m2\repository\org\springframework\spring-web\4.2.2.RELEASE\spring-web-4.2.2.RELEASE.jar
[provided]C:\Users\Administrator.WIN-8G4JI8339CN\.m2\repository\org\springframework\spring-web\4.2.6.RELEASE\spring-web-4.2.6.RELEASE.jar
郞嫁org/springframework/http/HttpStatus$Series.class
익郞:
[compile]C:\Users\Administrator.WIN-8G4JI8339CN\.m2\repository\org\springframework\spring-tx\4.0.7.RELEASE\spring-tx-4.0.7.RELEASE.jar
[compile]C:\Users\Administrator.WIN-8G4JI8339CN\.m2\repository\org\springframework\spring-tx\4.2.2.RELEASE\spring-tx-4.2.2.RELEASE.jar
郞嫁org/springframework/jca/work/WorkManagerTaskExecutor.class
익郞:
[compile]C:\Users\Administrator.WIN-8G4JI8339CN\.m2\repository\org\springframework\spring-beans\4.0.7.RELEASE\spring-beans-4.0.7.RELEASE.jar
[compile]C:\Users\Administrator.WIN-8G4JI8339CN\.m2\repository\org\springframework\spring-beans\4.2.6.RELEASE\spring-beans-4.2.6.RELEASE.jar
郞嫁org/springframework/beans/SimpleTypeConverter.class
익郞:
[compile]C:\Users\Administrator.WIN-8G4JI8339CN\.m2\repository\org\springframework\spring-aop\4.0.7.RELEASE\spring-aop-4.0.7.RELEASE.jar
[compile]C:\Users\Administrator.WIN-8G4JI8339CN\.m2\repository\org\springframework\spring-aop\4.2.6.RELEASE\spring-aop-4.2.6.RELEASE.jar
郞嫁org/springframework/aop/ThrowsAdvice.class
익郞:
[compile]C:\Users\Administrator.WIN-8G4JI8339CN\.m2\repository\org\springframework\spring-context\4.0.7.RELEASE\spring-context-4.0.7.RELEASE.jar
[compile]C:\Users\Administrator.WIN-8G4JI8339CN\.m2\repository\org\springframework\spring-context\4.2.6.RELEASE\spring-context-4.2.6.RELEASE.jar
郞嫁org/springframework/cache/Cache.class
익郞:
[compile]C:\Users\Administrator.WIN-8G4JI8339CN\.m2\repository\org\springframework\spring-expression\4.0.7.RELEASE\spring-expression-4.0.7.RELEASE.jar
[compile]C:\Users\Administrator.WIN-8G4JI8339CN\.m2\repository\org\springframework\spring-expression\4.2.6.RELEASE\spring-expression-4.2.6.RELEASE.jar
郞嫁org/springframework/expression/ParserContext.class
******************************************
2018-03-23 18:33:12
******************************************
익郞:
[compile]E:\cworkspace\mygit\global-boot\global-boot-configuration-processor\target\global-boot-configuration-processor-1.2-SNAPSHOT.jar
[compile]C:\Users\Administrator.WIN-8G4JI8339CN\.m2\repository\org\springframework\boot\spring-boot-configuration-processor\1.3.5.RELEASE\spring-boot-configuration-processor-1.3.5.RELEASE.jar
郞嫁org/springframework/boot/configurationprocessor/metadata/ItemMetadata$ItemType.class
익郞:
[compile]C:\Users\Administrator.WIN-8G4JI8339CN\.m2\repository\org\springframework\spring-core\4.0.4.RELEASE\spring-core-4.0.4.RELEASE.jar
[compile]C:\Users\Administrator.WIN-8G4JI8339CN\.m2\repository\org\springframework\spring-core\4.2.6.RELEASE\spring-core-4.2.6.RELEASE.jar
郞嫁org/springframework/asm/Item.class
익郞:
[compile]C:\Users\Administrator.WIN-8G4JI8339CN\.m2\repository\commons-logging\commons-logging\1.1.3\commons-logging-1.1.3.jar
[compile]C:\Users\Administrator.WIN-8G4JI8339CN\.m2\repository\commons-logging\commons-logging\1.2\commons-logging-1.2.jar
郞嫁org/apache/commons/logging/impl/AvalonLogger.class
익郞:
[compile]C:\Users\Administrator.WIN-8G4JI8339CN\.m2\repository\org\springframework\spring-web\4.2.2.RELEASE\spring-web-4.2.2.RELEASE.jar
[provided]C:\Users\Administrator.WIN-8G4JI8339CN\.m2\repository\org\springframework\spring-web\4.2.6.RELEASE\spring-web-4.2.6.RELEASE.jar
郞嫁org/springframework/http/HttpStatus$Series.class
익郞:
[compile]C:\Users\Administrator.WIN-8G4JI8339CN\.m2\repository\org\springframework\spring-tx\4.0.7.RELEASE\spring-tx-4.0.7.RELEASE.jar
[compile]C:\Users\Administrator.WIN-8G4JI8339CN\.m2\repository\org\springframework\spring-tx\4.2.2.RELEASE\spring-tx-4.2.2.RELEASE.jar
郞嫁org/springframework/jca/work/WorkManagerTaskExecutor.class
익郞:
[compile]C:\Users\Administrator.WIN-8G4JI8339CN\.m2\repository\org\springframework\spring-beans\4.0.7.RELEASE\spring-beans-4.0.7.RELEASE.jar
[compile]C:\Users\Administrator.WIN-8G4JI8339CN\.m2\repository\org\springframework\spring-beans\4.2.6.RELEASE\spring-beans-4.2.6.RELEASE.jar
郞嫁org/springframework/beans/SimpleTypeConverter.class
익郞:
[compile]C:\Users\Administrator.WIN-8G4JI8339CN\.m2\repository\org\springframework\spring-aop\4.0.7.RELEASE\spring-aop-4.0.7.RELEASE.jar
[compile]C:\Users\Administrator.WIN-8G4JI8339CN\.m2\repository\org\springframework\spring-aop\4.2.6.RELEASE\spring-aop-4.2.6.RELEASE.jar
郞嫁org/springframework/aop/ThrowsAdvice.class
익郞:
[compile]C:\Users\Administrator.WIN-8G4JI8339CN\.m2\repository\org\springframework\spring-context\4.0.7.RELEASE\spring-context-4.0.7.RELEASE.jar
[compile]C:\Users\Administrator.WIN-8G4JI8339CN\.m2\repository\org\springframework\spring-context\4.2.6.RELEASE\spring-context-4.2.6.RELEASE.jar
郞嫁org/springframework/cache/Cache.class
익郞:
[compile]C:\Users\Administrator.WIN-8G4JI8339CN\.m2\repository\org\springframework\spring-expression\4.0.7.RELEASE\spring-expression-4.0.7.RELEASE.jar
[compile]C:\Users\Administrator.WIN-8G4JI8339CN\.m2\repository\org\springframework\spring-expression\4.2.6.RELEASE\spring-expression-4.2.6.RELEASE.jar
郞嫁org/springframework/expression/ParserContext.class
******************************************
2018-03-23 18:37:01
******************************************
익郞:
[compile]E:\cworkspace\mygit\global-boot\global-boot-configuration-processor\target\global-boot-configuration-processor-1.2-SNAPSHOT.jar
[compile]C:\Users\Administrator.WIN-8G4JI8339CN\.m2\repository\org\springframework\boot\spring-boot-configuration-processor\1.3.5.RELEASE\spring-boot-configuration-processor-1.3.5.RELEASE.jar
郞嫁org/springframework/boot/configurationprocessor/metadata/ItemMetadata$ItemType.class
익郞:
[compile]C:\Users\Administrator.WIN-8G4JI8339CN\.m2\repository\org\springframework\spring-core\4.0.4.RELEASE\spring-core-4.0.4.RELEASE.jar
[compile]C:\Users\Administrator.WIN-8G4JI8339CN\.m2\repository\org\springframework\spring-core\4.2.6.RELEASE\spring-core-4.2.6.RELEASE.jar
郞嫁org/springframework/asm/Item.class
익郞:
[compile]C:\Users\Administrator.WIN-8G4JI8339CN\.m2\repository\commons-logging\commons-logging\1.1.3\commons-logging-1.1.3.jar
[compile]C:\Users\Administrator.WIN-8G4JI8339CN\.m2\repository\commons-logging\commons-logging\1.2\commons-logging-1.2.jar
郞嫁org/apache/commons/logging/impl/AvalonLogger.class
익郞:
[compile]C:\Users\Administrator.WIN-8G4JI8339CN\.m2\repository\org\springframework\spring-web\4.2.2.RELEASE\spring-web-4.2.2.RELEASE.jar
[provided]C:\Users\Administrator.WIN-8G4JI8339CN\.m2\repository\org\springframework\spring-web\4.2.6.RELEASE\spring-web-4.2.6.RELEASE.jar
郞嫁org/springframework/http/HttpStatus$Series.class
익郞:
[compile]C:\Users\Administrator.WIN-8G4JI8339CN\.m2\repository\org\springframework\spring-tx\4.0.7.RELEASE\spring-tx-4.0.7.RELEASE.jar
[compile]C:\Users\Administrator.WIN-8G4JI8339CN\.m2\repository\org\springframework\spring-tx\4.2.2.RELEASE\spring-tx-4.2.2.RELEASE.jar
郞嫁org/springframework/jca/work/WorkManagerTaskExecutor.class
익郞:
[compile]C:\Users\Administrator.WIN-8G4JI8339CN\.m2\repository\org\springframework\spring-beans\4.0.7.RELEASE\spring-beans-4.0.7.RELEASE.jar
[compile]C:\Users\Administrator.WIN-8G4JI8339CN\.m2\repository\org\springframework\spring-beans\4.2.6.RELEASE\spring-beans-4.2.6.RELEASE.jar
郞嫁org/springframework/beans/SimpleTypeConverter.class
익郞:
[compile]C:\Users\Administrator.WIN-8G4JI8339CN\.m2\repository\org\springframework\spring-aop\4.0.7.RELEASE\spring-aop-4.0.7.RELEASE.jar
[compile]C:\Users\Administrator.WIN-8G4JI8339CN\.m2\repository\org\springframework\spring-aop\4.2.6.RELEASE\spring-aop-4.2.6.RELEASE.jar
郞嫁org/springframework/aop/ThrowsAdvice.class
익郞:
[compile]C:\Users\Administrator.WIN-8G4JI8339CN\.m2\repository\org\springframework\spring-context\4.0.7.RELEASE\spring-context-4.0.7.RELEASE.jar
[compile]C:\Users\Administrator.WIN-8G4JI8339CN\.m2\repository\org\springframework\spring-context\4.2.6.RELEASE\spring-context-4.2.6.RELEASE.jar
郞嫁org/springframework/cache/Cache.class
익郞:
[compile]C:\Users\Administrator.WIN-8G4JI8339CN\.m2\repository\org\springframework\spring-expression\4.0.7.RELEASE\spring-expression-4.0.7.RELEASE.jar
[compile]C:\Users\Administrator.WIN-8G4JI8339CN\.m2\repository\org\springframework\spring-expression\4.2.6.RELEASE\spring-expression-4.2.6.RELEASE.jar
郞嫁org/springframework/expression/ParserContext.class
익郞:
[compile]C:\Users\Administrator.WIN-8G4JI8339CN\.m2\repository\org\jboss\netty\netty\3.2.5.Final\netty-3.2.5.Final.jar
[compile]C:\Users\Administrator.WIN-8G4JI8339CN\.m2\repository\io\netty\netty\3.7.0.Final\netty-3.7.0.Final.jar
郞嫁org/jboss/netty/bootstrap/Bootstrap.class
